WARNING Error decoding JSON from C:\Users\zch20\AppData\Roaming\Ultralytics\persistent_cache.json. Starting with an empty dictionary.

A module that was compiled using NumPy 1.x cannot be run in
NumPy 2.4.4 as it may crash. To support both 1.x and 2.x
versions of NumPy, modules must be compiled with NumPy 2.0.
Some module may need to rebuild instead e.g. with 'pybind11>=2.12'.

If you are a user of the module, the easiest solution will be to
downgrade to 'numpy<2' or try to upgrade the affected module.
We expect that some modules will need time to support NumPy 2.

Traceback (most recent call last):  File "E:\DOC2\PyCharm\smart_camera\app.py", line 294, in <module>
    yolo.start()            # YOLO 识别结果直接推给前端
  File "E:\DOC2\PyCharm\smart_camera\modules\yolo_processor.py", line 53, in start
    self._load_model()
  File "E:\DOC2\PyCharm\smart_camera\modules\yolo_processor.py", line 70, in _load_model
    from ultralytics import YOLO
  File "C:\Users\zch20\AppData\Local\Programs\Python\Python312\Lib\site-packages\ultralytics\__init__.py", line 38, in __getattr__
    return getattr(importlib.import_module("ultralytics.models"), name)
  File "C:\Users\zch20\AppData\Local\Programs\Python\Python312\Lib\importlib\__init__.py", line 90, in import_module
    return _bootstrap._gcd_import(name[level:], package, level)
  File "C:\Users\zch20\AppData\Local\Programs\Python\Python312\Lib\site-packages\ultralytics\models\__init__.py", line 3, in <module>
    from .fastsam import FastSAM
  File "C:\Users\zch20\AppData\Local\Programs\Python\Python312\Lib\site-packages\ultralytics\models\fastsam\__init__.py", line 3, in <module>
    from .model import FastSAM
  File "C:\Users\zch20\AppData\Local\Programs\Python\Python312\Lib\site-packages\ultralytics\models\fastsam\model.py", line 8, in <module>
    from ultralytics.engine.model import Model
  File "C:\Users\zch20\AppData\Local\Programs\Python\Python312\Lib\site-packages\ultralytics\engine\model.py", line 14, in <module>
    from ultralytics.engine.results import Results
  File "C:\Users\zch20\AppData\Local\Programs\Python\Python312\Lib\site-packages\ultralytics\engine\results.py", line 18, in <module>
    from ultralytics.data.augment import LetterBox
  File "C:\Users\zch20\AppData\Local\Programs\Python\Python312\Lib\site-packages\ultralytics\data\__init__.py", line 3, in <module>
    from .base import BaseDataset
  File "C:\Users\zch20\AppData\Local\Programs\Python\Python312\Lib\site-packages\ultralytics\data\base.py", line 18, in <module>
    from ultralytics.data.utils import FORMATS_HELP_MSG, HELP_URL, IMG_FORMATS, check_file_speeds
  File "C:\Users\zch20\AppData\Local\Programs\Python\Python312\Lib\site-packages\ultralytics\data\utils.py", line 20, in <module>
    from ultralytics.nn.autobackend import check_class_names
  File "C:\Users\zch20\AppData\Local\Programs\Python\Python312\Lib\site-packages\ultralytics\nn\__init__.py", line 3, in <module>
    from .tasks import (
  File "C:\Users\zch20\AppData\Local\Programs\Python\Python312\Lib\site-packages\ultralytics\nn\tasks.py", line 13, in <module>
    from ultralytics.nn.autobackend import check_class_names
  File "C:\Users\zch20\AppData\Local\Programs\Python\Python312\Lib\site-packages\ultralytics\nn\autobackend.py", line 85, in <module>
    class AutoBackend(nn.Module):
  File "C:\Users\zch20\AppData\Local\Programs\Python\Python312\Lib\site-packages\ultralytics\nn\autobackend.py", line 162, in AutoBackend
    device: torch.device = torch.device("cpu"),
C:\Users\zch20\AppData\Local\Programs\Python\Python312\Lib\site-packages\ultralytics\nn\autobackend.py:162: UserWarning: Failed to initialize NumPy: _ARRAY_API not found (Triggered internally at ..\torch\csrc\utils\tensor_numpy.cpp:84.)
  device: torch.device = torch.device("cpu"),
[YOLO] 模型加载: E:\DOC2\PyCharm\smart_camera\YOLOModel\yolo26n.pt
[YOLO] 推理线程启动
[FrameProcessor] 关键帧处理线程启动
 * Serving Flask app 'app'
 * Debug mode: on
Exception in thread Thread-3 (_infer_loop):
Traceback (most recent call last):
  File "C:\Users\zch20\AppData\Local\Programs\Python\Python312\Lib\threading.py", line 1073, in _bootstrap_inner
    self.run()
  File "C:\Users\zch20\AppData\Local\Programs\Python\Python312\Lib\threading.py", line 1010, in run
    self._target(*self._args, **self._kwargs)
  File "E:\DOC2\PyCharm\smart_camera\modules\yolo_processor.py", line 92, in _infer_loop
    result_frame, detections = self._process_frame(frame)
                               ^^^^^^^^^^^^^^^^^^^^^^^^^^
  File "E:\DOC2\PyCharm\smart_camera\modules\yolo_processor.py", line 118, in _process_frame
    results = self.model.predict(frame, verbose=False, conf=self.conf_threshold)
              ^^^^^^^^^^^^^^^^^^^^^^^^^^^^^^^^^^^^^^^^^^^^^^^^^^^^^^^^^^^^^^^^^^
  File "C:\Users\zch20\AppData\Local\Programs\Python\Python312\Lib\site-packages\ultralytics\engine\model.py", line 536, in predict
    return self.predictor.predict_cli(source=source) if is_cli else self.predictor(source=source, stream=stream)
                                                                    ^^^^^^^^^^^^^^^^^^^^^^^^^^^^^^^^^^^^^^^^^^^^
  File "C:\Users\zch20\AppData\Local\Programs\Python\Python312\Lib\site-packages\ultralytics\engine\predictor.py", line 226, in __call__
    return list(self.stream_inference(source, model, *args, **kwargs))  # merge list of Results into one
           ^^^^^^^^^^^^^^^^^^^^^^^^^^^^^^^^^^^^^^^^^^^^^^^^^^^^^^^^^^^
  File "C:\Users\zch20\AppData\Local\Programs\Python\Python312\Lib\site-packages\torch\utils\_contextlib.py", line 35, in generator_context
    response = gen.send(None)
               ^^^^^^^^^^^^^^
  File "C:\Users\zch20\AppData\Local\Programs\Python\Python312\Lib\site-packages\ultralytics\engine\predictor.py", line 331, in stream_inference
    im = self.preprocess(im0s)
         ^^^^^^^^^^^^^^^^^^^^^
  File "C:\Users\zch20\AppData\Local\Programs\Python\Python312\Lib\site-packages\ultralytics\engine\predictor.py", line 168, in preprocess
    im = torch.from_numpy(im)
         ^^^^^^^^^^^^^^^^^^^^
RuntimeError: Numpy is not available
WARNING: This is a development server. Do not use it in a production deployment. Use a production WSGI server instead.
 * Running on all addresses (0.0.0.0)
 * Running on http://127.0.0.1:5000
 * Running on http://10.55.67.51:5000
Press CTRL+C to quit
127.0.0.1 - - [28/May/2026 22:23:48] "GET / HTTP/1.1" 200 -
127.0.0.1 - - [28/May/2026 22:23:49] "GET /socket.io/?EIO=4&transport=polling&t=l2w6l2ir HTTP/1.1" 200 -
127.0.0.1 - - [28/May/2026 22:23:50] "GET /socket.io/?EIO=4&transport=polling&t=l2w6l2ir HTTP/1.1" 200 -
[WS] 客户端接入: ZJxcBqEvm5voEDeyAAAC
127.0.0.1 - - [28/May/2026 22:23:50] "GET /api/sensor/latest HTTP/1.1" 200 -
127.0.0.1 - - [28/May/2026 22:23:50] "GET /socket.io/?EIO=4&transport=polling&t=l2wfv55t&sid=8prx1H88NtXqP5UFAAAA HTTP/1.1" 200 -
127.0.0.1 - - [28/May/2026 22:23:50] "GET /api/camera/source HTTP/1.1" 200 -
127.0.0.1 - - [28/May/2026 22:23:50] "POST /socket.io/?EIO=4&transport=polling&t=l2wfto6r&sid=8prx1H88NtXqP5UFAAAA HTTP/1.1" 200 -
127.0.0.1 - - [28/May/2026 22:23:50] "GET /socket.io/?EIO=4&transport=polling&t=l2wfv55t&sid=8prx1H88NtXqP5UFAAAA HTTP/1.1" 200 -
127.0.0.1 - - [28/May/2026 22:23:50] "GET /api/frame/storage HTTP/1.1" 200 -
127.0.0.1 - - [28/May/2026 22:23:50] "GET /favicon.ico HTTP/1.1" 404 -